2026-04-24T06:11:37.441-03:00  INFO 10596 --- [raizes-do-nordeste-backend] [main] b.c.r.backend.RaizesBackendApplication   : Starting RaizesBackendApplication using Java 17.0.18 with PID 10596 (C:\Users\HOME\Documents\RaizesdoNordeste\raizes-backend\target\classes started by HOME in C:\Users\HOME\Documents\RaizesdoNordeste)
2026-04-24T06:11:37.441-03:00  INFO 10596 --- [raizes-do-nordeste-backend] [main] b.c.r.backend.RaizesBackendApplication   : No active profile set, falling back to 1 default profile: "default"
2026-04-24T06:11:41.157-03:00  INFO 10596 --- [raizes-do-nordeste-backend] [main] .s.d.r.c.RepositoryConfigurationDelegate : Bootstrapping Spring Data JPA repositories in DEFAULT mode.
2026-04-24T06:11:41.352-03:00  INFO 10596 --- [raizes-do-nordeste-backend] [main] .s.d.r.c.RepositoryConfigurationDelegate : Finished Spring Data repository scanning in 176 ms. Found 8 JPA repository interfaces.
2026-04-24T06:11:43.284-03:00  INFO 10596 --- [raizes-do-nordeste-backend] [main] o.s.b.w.embedded.tomcat.TomcatWebServer  : Tomcat initialized with port 8080 (http)
2026-04-24T06:11:43.340-03:00  INFO 10596 --- [raizes-do-nordeste-backend] [main] o.apache.catalina.core.StandardService   : Starting service [Tomcat]
2026-04-24T06:11:43.342-03:00  INFO 10596 --- [raizes-do-nordeste-backend] [main] o.apache.catalina.core.StandardEngine    : Starting Servlet engine: [Apache Tomcat/10.1.30]
2026-04-24T06:11:43.536-03:00  INFO 10596 --- [raizes-do-nordeste-backend] [main] o.a.c.c.C.[Tomcat].[localhost].[/]       : Initializing Spring embedded WebApplicationContext
2026-04-24T06:11:43.539-03:00  INFO 10596 --- [raizes-do-nordeste-backend] [main] w.s.c.ServletWebServerApplicationContext : Root WebApplicationContext: initialization completed in 5985 ms
2026-04-24T06:11:44.640-03:00  INFO 10596 --- [raizes-do-nordeste-backend] [main] com.zaxxer.hikari.HikariDataSource       : HikariPool-1 - Starting...
2026-04-24T06:11:45.797-03:00  INFO 10596 --- [raizes-do-nordeste-backend] [main] com.zaxxer.hikari.pool.HikariPool        : HikariPool-1 - Added connection com.mysql.cj.jdbc.ConnectionImpl@45ad3cd8
2026-04-24T06:11:45.805-03:00  INFO 10596 --- [raizes-do-nordeste-backend] [main] com.zaxxer.hikari.HikariDataSource       : HikariPool-1 - Start completed.
2026-04-24T06:11:45.918-03:00  INFO 10596 --- [raizes-do-nordeste-backend] [main] org.flywaydb.core.FlywayExecutor         : Database: jdbc:mysql://localhost:3306/raizesdb (MySQL 8.0)
2026-04-24T06:11:46.054-03:00  INFO 10596 --- [raizes-do-nordeste-backend] [main] o.f.core.internal.command.DbValidate     : Successfully validated 1 migration (execution time 00:00.084s)
2026-04-24T06:11:46.076-03:00  INFO 10596 --- [raizes-do-nordeste-backend] [main] o.f.core.internal.command.DbMigrate      : Current version of schema `raizesdb`: 1
2026-04-24T06:11:46.092-03:00  INFO 10596 --- [raizes-do-nordeste-backend] [main] o.f.core.internal.command.DbMigrate      : Schema `raizesdb` is up to date. No migration necessary.
2026-04-24T06:11:46.329-03:00  INFO 10596 --- [raizes-do-nordeste-backend] [main] o.hibernate.jpa.internal.util.LogHelper  : HHH000204: Processing PersistenceUnitInfo [name: default]
2026-04-24T06:11:46.542-03:00  INFO 10596 --- [raizes-do-nordeste-backend] [main] org.hibernate.Version                    : HHH000412: Hibernate ORM core version 6.5.3.Final
2026-04-24T06:11:46.639-03:00  INFO 10596 --- [raizes-do-nordeste-backend] [main] o.h.c.internal.RegionFactoryInitiator    : HHH000026: Second-level cache disabled
2026-04-24T06:11:47.350-03:00  INFO 10596 --- [raizes-do-nordeste-backend] [main] o.s.o.j.p.SpringPersistenceUnitInfo      : No LoadTimeWeaver setup: ignoring JPA class transformer
2026-04-24T06:11:47.498-03:00  WARN 10596 --- [raizes-do-nordeste-backend] [main] org.hibernate.orm.deprecation            : HHH90000025: MySQLDialect does not need to be specified explicitly using 'hibernate.dialect' (remove the property setting and it will be selected by default)
2026-04-24T06:11:49.379-03:00  INFO 10596 --- [raizes-do-nordeste-backend] [main] o.h.e.t.j.p.i.JtaPlatformInitiator       : HHH000489: No JTA platform available (set 'hibernate.transaction.jta.platform' to enable JTA platform integration)
2026-04-24T06:11:49.574-03:00  INFO 10596 --- [raizes-do-nordeste-backend] [main] j.LocalContainerEntityManagerFactoryBean : Initialized JPA EntityManagerFactory for persistence unit 'default'
2026-04-24T06:11:50.462-03:00  INFO 10596 --- [raizes-do-nordeste-backend] [main] r$InitializeUserDetailsManagerConfigurer : Global AuthenticationManager configured with UserDetailsService bean with name customUserDetailsService
2026-04-24T06:11:51.179-03:00  WARN 10596 --- [raizes-do-nordeste-backend] [main] JpaBaseConfiguration$JpaWebConfiguration : spring.jpa.open-in-view is enabled by default. Therefore, database queries may be performed during view rendering. Explicitly configure spring.jpa.open-in-view to disable this warning
2026-04-24T06:11:52.469-03:00  INFO 10596 --- [raizes-do-nordeste-backend] [main] o.s.b.a.e.web.EndpointLinksResolver      : Exposing 1 endpoint beneath base path '/actuator'
2026-04-24T06:11:54.180-03:00  INFO 10596 --- [raizes-do-nordeste-backend] [main] o.s.b.w.embedded.tomcat.TomcatWebServer  : Tomcat started on port 8080 (http) with context path '/'
2026-04-24T06:11:54.416-03:00  INFO 10596 --- [raizes-do-nordeste-backend] [main] b.c.r.backend.RaizesBackendApplication   : Started RaizesBackendApplication in 17.718 seconds (process running for 18.926)
2026-04-24T06:11:54.576-03:00  INFO 10596 --- [raizes-do-nordeste-backend] [RMI TCP Connection(2)-127.0.0.1] o.a.c.c.C.[Tomcat].[localhost].[/]       : Initializing Spring DispatcherServlet 'dispatcherServlet'
2026-04-24T06:11:54.585-03:00  INFO 10596 --- [raizes-do-nordeste-backend] [RMI TCP Connection(2)-127.0.0.1] o.s.web.servlet.DispatcherServlet        : Initializing Servlet 'dispatcherServlet'
2026-04-24T06:11:54.603-03:00  INFO 10596 --- [raizes-do-nordeste-backend] [RMI TCP Connection(2)-127.0.0.1] o.s.web.servlet.DispatcherServlet        : Completed initialization in 2 ms
